<!DOCTYPE html PUBLIC "-//W3C//DTD XHTML 1.1//EN" "https://www.w3.org/TR/xhtml11/DTD/xhtml11.dtd">
<html xmlns="https://www.w3.org/1999/xhtml">
<head>
<meta http-equiv="content-type" content="text/html; charset=UTF-8"/>
<title>TestNG Report</title>
<style type="text/css">table {margin-bottom:10px;border-collapse:collapse;empty-cells:show}th,td {border:1px solid #009;padding:.25em .5em}th {vertical-align:bottom}td {vertical-align:top}table a {font-weight:bold}.stripe td {background-color: #E6EBF9}.num {text-align:right}.passedodd td {background-color: #3F3}.passedeven td {background-color: #0A0}.skippedodd td {background-color: #DDD}.skippedeven td {background-color: #CCC}.failedodd td,.attn {background-color: #F33}.failedeven td,.stripe .attn {background-color: #D00}.stacktrace {white-space:pre;font-family:monospace}.totop {font-size:85%;text-align:center;border-bottom:2px solid #000}.invisible {display:none}</style>
</head>
<body>
<table>
<tr><th>Test</th><th># Passed</th><th># Skipped</th><th># Retried</th><th># Failed</th><th>Time (ms)</th><th>Included Groups</th><th>Excluded Groups</th></tr>
<tr><th colspan="8">Suite</th></tr>
<tr><td><a href="#t0">Test</a></td><td class="num">1</td><td class="num">0</td><td class="num">0</td><td class="num attn">2</td><td class="num">248,591</td><td></td><td></td></tr>
</table>
<table id='summary'><thead><tr><th>Class</th><th>Method</th><th>Start</th><th>Time (ms)</th></tr></thead><tbody><tr><th colspan="4">Suite</th></tr></tbody><tbody id="t0"><tr><th colspan="4">Test &#8212; failed</th></tr><tr class="failedeven"><td rowspan="2">purchase.LabourRateContractAMD</td><td><a href="#m0">LRCAMD001</a></td><td rowspan="1">1675934462283</td><td rowspan="1">41978</td></tr><tr class="failedeven"><td><a href="#m1">LRCAMD002</a></td><td rowspan="1">1675934512570</td><td rowspan="1">155080</td></tr><tr><th colspan="4">Test &#8212; passed</th></tr><tr class="passedeven"><td rowspan="1">purchase.LabourRateContractAMD</td><td><a href="#m2">Login</a></td><td rowspan="1">1675934434614</td><td rowspan="1">17986</td></tr></tbody>
</table>
<h2>Test</h2><h3 id="m0">purchase.LabourRateContractAMD#LRCAMD001</h3><table class="result"><tr><th>Messages</th></tr><tr><td><div class="messages"><b><FONT COLOR=\"1f7a1f\">Test Case ID==LRCAMD001</FONT></b><br/><b><FONT COLOR=\"1f7a1f\">Test Case Description==LRC PO  Amendment Entry for two item changing Quantity PUOM and Delivery Date </FONT></b><br/>Click Sucessfully == Purchase Module<br/>Click Sucessfully == Labour Rate Contract Amendment Entry<br/>Click Sucessfully == Labour Rate Contract Amendent  Entry add new button<br/>Click sucessfully==LRC AMD YEAR<br/>Option Sucessfully Selected==<b>LRC AMD YEAR==22-23</b><br/>Click sucessfully==LRC AMD Group<br/>Option Sucessfully Selected==<b>LRC AMD Group==LB - LABOUR PURCHASE ORDER - NPD</b><br/>Click sucessfully==LRC AMD SITE<br/>Option Sucessfully Selected==<b>LRC AMD SITE==S1 - QC Site PARLE ELI-PRD</b><br/>Screenshot taken Succesfully==D:\ANKUSH\NEW_HORIZON\ScreenShots\Failure.png</div></td></tr><tr><th>Exception</th></tr><tr><td><div class="stacktrace">org.openqa.selenium.ElementClickInterceptedException: element click intercepted: Element &lt;input role=&quot;combobox&quot; type=&quot;text&quot; autocomplete=&quot;ac8f2761dbb4&quot; autocorrect=&quot;off&quot; autocapitalize=&quot;off&quot; aria-expanded=&quot;false&quot;&gt; is not clickable at point (991, 373). Other element would receive the click: &lt;div _ngcontent-wbi-c5=&quot;&quot; class=&quot;ngx-overlay loading-foreground&quot; style=&quot;background-color: rgba(40, 40, 40, 0.8); border-radius: 0px;&quot;&gt;...&lt;/div&gt;
  (Session info: chrome=109.0.5414.120)
Build info: version: &apos;4.6.0&apos;, revision: &apos;79f1c02ae20&apos;
System info: os.name: &apos;Windows 10&apos;, os.arch: &apos;amd64&apos;, os.version: &apos;10.0&apos;, java.version: &apos;17.0.6&apos;
Driver info: org.openqa.selenium.chrome.ChromeDriver
Command: [87401fd2fe0b4336b086bf149889c827, clickElement {id=b6dd501b-bdf7-4013-9529-4b730c981b3c}]
Capabilities {acceptInsecureCerts: false, browserName: chrome, browserVersion: 109.0.5414.120, chrome: {chromedriverVersion: 109.0.5414.74 (e7c5703604da..., userDataDir: C:\Users\Ankush\AppData\Loc...}, goog:chromeOptions: {debuggerAddress: localhost:53930}, networkConnectionEnabled: false, pageLoadStrategy: normal, platformName: WINDOWS, proxy: Proxy(), se:cdp: ws://localhost:53930/devtoo..., se:cdpVersion: 109.0.5414.120, setWindowRect: true, strictFileInteractability: false, timeouts: {implicit: 0, pageLoad: 300000, script: 30000}, unhandledPromptBehavior: dismiss and notify, webauthn:extension:credBlob: true, webauthn:extension:largeBlob: true, webauthn:virtualAuthenticators: true}
Element: [[ChromeDriver: chrome on WINDOWS (87401fd2fe0b4336b086bf149889c827)] -&gt; xpath: //ng-select[@formcontrolname=&apos;OrderNum&apos;]//input]
Session ID: 87401fd2fe0b4336b086bf149889c827
	at org.openqa.selenium.remote.codec.w3c.W3CHttpResponseCodec.createException(W3CHttpResponseCodec.java:200)
	at org.openqa.selenium.remote.codec.w3c.W3CHttpResponseCodec.decode(W3CHttpResponseCodec.java:133)
	at org.openqa.selenium.remote.codec.w3c.W3CHttpResponseCodec.decode(W3CHttpResponseCodec.java:53)
	at org.openqa.selenium.remote.HttpCommandExecutor.execute(HttpCommandExecutor.java:184)
	at org.openqa.selenium.remote.service.DriverCommandExecutor.invokeExecute(DriverCommandExecutor.java:167)
	at org.openqa.selenium.remote.service.DriverCommandExecutor.execute(DriverCommandExecutor.java:142)
	at org.openqa.selenium.remote.RemoteWebDriver.execute(RemoteWebDriver.java:541)
	at org.openqa.selenium.remote.RemoteWebElement.execute(RemoteWebElement.java:257)
	at org.openqa.selenium.remote.RemoteWebElement.click(RemoteWebElement.java:78)
	at org.openqa.selenium.support.pagefactory.internal.LocatingElementHandler.invoke(LocatingElementHandler.java:52)
	at jdk.proxy2/jdk.proxy2.$Proxy24.click(Unknown Source)
	at com.utility.Library.Comboclick(Library.java:239)
	at purchase.LabourRateContractAMD.LRCAMD001(LabourRateContractAMD.java:71)
	at java.base/java.util.ArrayList.forEach(ArrayList.java:1511)
... Removed 36 stack frames</div></td></tr></table><p class="totop"><a href="#summary">back to summary</a></p>
<h3 id="m1">purchase.LabourRateContractAMD#LRCAMD002</h3><table class="result"><tr><th>Messages</th></tr><tr><td><div class="messages"><b><FONT COLOR=\"1f7a1f\">Test Case ID==LRCAMD001</FONT></b><br/><b><FONT COLOR=\"1f7a1f\">Test Case Description==LRC PO  Amendment Entry for two item changing Quantity PUOM and Delivery Date </FONT></b><br/>Click Sucessfully == Purchase Module<br/>Click Sucessfully == Labour Rate Contract Amendment Entry<br/>Click Sucessfully == Labour Rate Contract Amendent  Entry add new button<br/>Click sucessfully==LRC AMD YEAR<br/>Option Sucessfully Selected==<b>LRC AMD YEAR==22-23</b><br/>Click sucessfully==LRC AMD Group<br/>Option Sucessfully Selected==<b>LRC AMD Group==LB - LABOUR PURCHASE ORDER - NPD</b><br/>Click sucessfully==LRC AMD SITE<br/>Option Sucessfully Selected==<b>LRC AMD SITE==S1 - QC Site PARLE ELI-PRD</b><br/>Click sucessfully==LRC Number<br/><b><FONT COLOR="#ff0000"> INVALID  Option/No such Option Present ==</FONT></b><b><FONT COLOR="#0000ff">LRC Number==000337</FONT></b><br/>no such element: Unable to locate element: {"method":"xpath","selector":"//span[contains(text(),'000337')]"}
  (Session info: chrome=109.0.5414.120)
For documentation on this error, please visit: https://selenium.dev/exceptions/#no_such_element
Build info: version: '4.6.0', revision: '79f1c02ae20'
System info: os.name: 'Windows 10', os.arch: 'amd64', os.version: '10.0', java.version: '17.0.6'
Driver info: org.openqa.selenium.chrome.ChromeDriver
Command: [87401fd2fe0b4336b086bf149889c827, findElement {using=xpath, value=//span[contains(text(),'000337')]}]
Capabilities {acceptInsecureCerts: false, browserName: chrome, browserVersion: 109.0.5414.120, chrome: {chromedriverVersion: 109.0.5414.74 (e7c5703604da..., userDataDir: C:\Users\Ankush\AppData\Loc...}, goog:chromeOptions: {debuggerAddress: localhost:53930}, networkConnectionEnabled: false, pageLoadStrategy: normal, platformName: WINDOWS, proxy: Proxy(), se:cdp: ws://localhost:53930/devtoo..., se:cdpVersion: 109.0.5414.120, setWindowRect: true, strictFileInteractability: false, timeouts: {implicit: 0, pageLoad: 300000, script: 30000}, unhandledPromptBehavior: dismiss and notify, webauthn:extension:credBlob: true, webauthn:extension:largeBlob: true, webauthn:virtualAuthenticators: true}
Session ID: 87401fd2fe0b4336b086bf149889c827<br/>Click Sucessfully==<br/>Screenshot taken Succesfully==D:\ANKUSH\NEW_HORIZON\ScreenShots\Failure.png</div></td></tr><tr><th>Exception</th></tr><tr><td><div class="stacktrace">org.openqa.selenium.TimeoutException: Expected condition failed: waiting for visibility of [[ChromeDriver: chrome on WINDOWS (87401fd2fe0b4336b086bf149889c827)] -&gt; xpath: (//div[contains(@class,&apos;jqx-calendar-title-content jqx-calendar-title-content-imms&apos;)])[3]] (tried for 30 second(s) with 500 milliseconds interval)
Build info: version: &apos;4.6.0&apos;, revision: &apos;79f1c02ae20&apos;
System info: os.name: &apos;Windows 10&apos;, os.arch: &apos;amd64&apos;, os.version: &apos;10.0&apos;, java.version: &apos;17.0.6&apos;
Driver info: org.openqa.selenium.chrome.ChromeDriver
Capabilities {acceptInsecureCerts: false, browserName: chrome, browserVersion: 109.0.5414.120, chrome: {chromedriverVersion: 109.0.5414.74 (e7c5703604da..., userDataDir: C:\Users\Ankush\AppData\Loc...}, goog:chromeOptions: {debuggerAddress: localhost:53930}, networkConnectionEnabled: false, pageLoadStrategy: normal, platformName: WINDOWS, proxy: Proxy(), se:cdp: ws://localhost:53930/devtoo..., se:cdpVersion: 109.0.5414.120, setWindowRect: true, strictFileInteractability: false, timeouts: {implicit: 0, pageLoad: 300000, script: 30000}, unhandledPromptBehavior: dismiss and notify, webauthn:extension:credBlob: true, webauthn:extension:largeBlob: true, webauthn:virtualAuthenticators: true}
Session ID: 87401fd2fe0b4336b086bf149889c827
	at org.openqa.selenium.support.ui.WebDriverWait.timeoutException(WebDriverWait.java:87)
	at org.openqa.selenium.support.ui.FluentWait.until(FluentWait.java:231)
	at com.utility.Library.Explicitlywait(Library.java:362)
	at purchase.LabourRateContractAMD.DATEPICKER(LabourRateContractAMD.java:546)
	at purchase.LabourRateContractAMD.LRCAMD002(LabourRateContractAMD.java:323)
	at java.base/java.util.ArrayList.forEach(ArrayList.java:1511)
... Removed 27 stack frames</div></td></tr></table><p class="totop"><a href="#summary">back to summary</a></p>
<h3 id="m2">purchase.LabourRateContractAMD#Login</h3><table class="result"><tr><th>Messages</th></tr><tr><td><div class="messages">Connection  String value succesfully send == <b>Server=PC43\SQLEXPRESS;Database=QCNHADMPETPL;uid=sa;pwd=;Max Pool Size=1000;Connection TimeOut= 3000;</b><br/>Username value succesfully send == <b>su</b><br/>Password value succesfully send == <b>super</b><br/>Click Sucessfully == Login Button<br/>Dropdown  Company selected==QC's Parle Elizabeth Tools QC LTD<br/>Dropdown  Company/Location selected==QC Site PARLE ELI-PRD<br/>Click Sucessfully == submit Button</div></td></tr></table><p class="totop"><a href="#summary">back to summary</a></p>
</body>
</html>
