<?xml version="1.0" encoding="UTF-8"?>
<testng-results ignored="0" total="3" passed="1" failed="2" skipped="0">
  <reporter-output>
    <line>
      <![CDATA[Connection  String value succesfully send == <b>Server=PC43\SQLEXPRESS;Database=QCNHADMPETPL;uid=sa;pwd=;Max Pool Size=1000;Connection TimeOut= 3000;</b>]]>
    </line>
    <line>
      <![CDATA[Username value succesfully send == <b>su</b>]]>
    </line>
    <line>
      <![CDATA[Password value succesfully send == <b>super</b>]]>
    </line>
    <line>
      <![CDATA[Click Sucessfully == Login Button]]>
    </line>
    <line>
      <![CDATA[Dropdown  Company selected==QC's Parle Elizabeth Tools QC LTD]]>
    </line>
    <line>
      <![CDATA[Dropdown  Company/Location selected==QC Site PARLE ELI-PRD]]>
    </line>
    <line>
      <![CDATA[Click Sucessfully == submit Button]]>
    </line>
    <line>
      <![CDATA[<b><FONT COLOR=\"1f7a1f\">Test Case ID==LRCAMD001</FONT></b>]]>
    </line>
    <line>
      <![CDATA[<b><FONT COLOR=\"1f7a1f\">Test Case Description==LRC PO  Amendment Entry for two item changing Quantity PUOM and Delivery Date </FONT></b>]]>
    </line>
    <line>
      <![CDATA[Click Sucessfully == Purchase Module]]>
    </line>
    <line>
      <![CDATA[Click Sucessfully == Labour Rate Contract Amendment Entry]]>
    </line>
    <line>
      <![CDATA[Click Sucessfully == Labour Rate Contract Amendent  Entry add new button]]>
    </line>
    <line>
      <![CDATA[Click sucessfully==LRC AMD YEAR]]>
    </line>
    <line>
      <![CDATA[Option Sucessfully Selected==<b>LRC AMD YEAR==22-23</b>]]>
    </line>
    <line>
      <![CDATA[Click sucessfully==LRC AMD Group]]>
    </line>
    <line>
      <![CDATA[Option Sucessfully Selected==<b>LRC AMD Group==LB - LABOUR PURCHASE ORDER - NPD</b>]]>
    </line>
    <line>
      <![CDATA[Click sucessfully==LRC AMD SITE]]>
    </line>
    <line>
      <![CDATA[Option Sucessfully Selected==<b>LRC AMD SITE==S1 - QC Site PARLE ELI-PRD</b>]]>
    </line>
    <line>
      <![CDATA[Screenshot taken Succesfully==D:\ANKUSH\NEW_HORIZON\ScreenShots\Failure.png]]>
    </line>
    <line>
      <![CDATA[<b><FONT COLOR=\"1f7a1f\">Test Case ID==LRCAMD001</FONT></b>]]>
    </line>
    <line>
      <![CDATA[<b><FONT COLOR=\"1f7a1f\">Test Case Description==LRC PO  Amendment Entry for two item changing Quantity PUOM and Delivery Date </FONT></b>]]>
    </line>
    <line>
      <![CDATA[Click Sucessfully == Purchase Module]]>
    </line>
    <line>
      <![CDATA[Click Sucessfully == Labour Rate Contract Amendment Entry]]>
    </line>
    <line>
      <![CDATA[Click Sucessfully == Labour Rate Contract Amendent  Entry add new button]]>
    </line>
    <line>
      <![CDATA[Click sucessfully==LRC AMD YEAR]]>
    </line>
    <line>
      <![CDATA[Option Sucessfully Selected==<b>LRC AMD YEAR==22-23</b>]]>
    </line>
    <line>
      <![CDATA[Click sucessfully==LRC AMD Group]]>
    </line>
    <line>
      <![CDATA[Option Sucessfully Selected==<b>LRC AMD Group==LB - LABOUR PURCHASE ORDER - NPD</b>]]>
    </line>
    <line>
      <![CDATA[Click sucessfully==LRC AMD SITE]]>
    </line>
    <line>
      <![CDATA[Option Sucessfully Selected==<b>LRC AMD SITE==S1 - QC Site PARLE ELI-PRD</b>]]>
    </line>
    <line>
      <![CDATA[Click sucessfully==LRC Number]]>
    </line>
    <line>
      <![CDATA[<b><FONT COLOR="#ff0000"> INVALID  Option/No such Option Present ==</FONT></b><b><FONT COLOR="#0000ff">LRC Number==000337</FONT></b>]]>
    </line>
    <line>
      <![CDATA[no such element: Unable to locate element: {"method":"xpath","selector":"//span[contains(text(),'000337')]"}
  (Session info: chrome=109.0.5414.120)
For documentation on this error, please visit: https://selenium.dev/exceptions/#no_such_element
Build info: version: '4.6.0', revision: '79f1c02ae20'
System info: os.name: 'Windows 10', os.arch: 'amd64', os.version: '10.0', java.version: '17.0.6'
Driver info: org.openqa.selenium.chrome.ChromeDriver
Command: [87401fd2fe0b4336b086bf149889c827, findElement {using=xpath, value=//span[contains(text(),'000337')]}]
Capabilities {acceptInsecureCerts: false, browserName: chrome, browserVersion: 109.0.5414.120, chrome: {chromedriverVersion: 109.0.5414.74 (e7c5703604da..., userDataDir: C:\Users\Ankush\AppData\Loc...}, goog:chromeOptions: {debuggerAddress: localhost:53930}, networkConnectionEnabled: false, pageLoadStrategy: normal, platformName: WINDOWS, proxy: Proxy(), se:cdp: ws://localhost:53930/devtoo..., se:cdpVersion: 109.0.5414.120, setWindowRect: true, strictFileInteractability: false, timeouts: {implicit: 0, pageLoad: 300000, script: 30000}, unhandledPromptBehavior: dismiss and notify, webauthn:extension:credBlob: true, webauthn:extension:largeBlob: true, webauthn:virtualAuthenticators: true}
Session ID: 87401fd2fe0b4336b086bf149889c827]]>
    </line>
    <line>
      <![CDATA[Click Sucessfully==]]>
    </line>
    <line>
      <![CDATA[Screenshot taken Succesfully==D:\ANKUSH\NEW_HORIZON\ScreenShots\Failure.png]]>
    </line>
  </reporter-output>
  <suite started-at="2023-02-09T14:50:30 IST" name="Suite" finished-at="2023-02-09T14:54:38 IST" duration-ms="248591">
    <groups>
    </groups>
    <test started-at="2023-02-09T14:50:30 IST" name="Test" finished-at="2023-02-09T14:54:38 IST" duration-ms="248591">
      <class name="purchase.LabourRateContractAMD">
        <test-method is-config="true" signature="BM(java.lang.String)[pri:0, instance:purchase.LabourRateContractAMD@2dd0f797]" started-at="2023-02-09T14:50:30 IST" name="BM" finished-at="2023-02-09T14:50:34 IST" duration-ms="4186" status="PASS">
          <params>
            <param index="0">
              <value>
                <![CDATA[chrome]]>
              </value>
            </param>
          </params>
          <reporter-output>
          </reporter-output>
        </test-method> <!-- BM -->
        <test-method is-config="true" signature="beforemethod()[pri:0, instance:purchase.LabourRateContractAMD@2dd0f797]" started-at="2023-02-09T14:50:34 IST" name="beforemethod" finished-at="2023-02-09T14:50:34 IST" duration-ms="1" status="PASS">
          <reporter-output>
          </reporter-output>
        </test-method> <!-- beforemethod -->
        <test-method signature="Login()[pri:0, instance:purchase.LabourRateContractAMD@2dd0f797]" started-at="2023-02-09T14:50:34 IST" name="Login" finished-at="2023-02-09T14:50:52 IST" duration-ms="17986" status="PASS">
          <reporter-output>
            <line>
              <![CDATA[Connection  String value succesfully send == <b>Server=PC43\SQLEXPRESS;Database=QCNHADMPETPL;uid=sa;pwd=;Max Pool Size=1000;Connection TimeOut= 3000;</b>]]>
            </line>
            <line>
              <![CDATA[Username value succesfully send == <b>su</b>]]>
            </line>
            <line>
              <![CDATA[Password value succesfully send == <b>super</b>]]>
            </line>
            <line>
              <![CDATA[Click Sucessfully == Login Button]]>
            </line>
            <line>
              <![CDATA[Dropdown  Company selected==QC's Parle Elizabeth Tools QC LTD]]>
            </line>
            <line>
              <![CDATA[Dropdown  Company/Location selected==QC Site PARLE ELI-PRD]]>
            </line>
            <line>
              <![CDATA[Click Sucessfully == submit Button]]>
            </line>
          </reporter-output>
        </test-method> <!-- Login -->
        <test-method is-config="true" signature="Aftermethod()[pri:0, instance:purchase.LabourRateContractAMD@2dd0f797]" started-at="2023-02-09T14:50:54 IST" name="Aftermethod" finished-at="2023-02-09T14:51:02 IST" duration-ms="8013" status="PASS">
          <reporter-output>
          </reporter-output>
        </test-method> <!-- Aftermethod -->
        <test-method is-config="true" signature="beforemethod()[pri:0, instance:purchase.LabourRateContractAMD@2dd0f797]" started-at="2023-02-09T14:51:02 IST" name="beforemethod" finished-at="2023-02-09T14:51:02 IST" duration-ms="1" status="PASS">
          <reporter-output>
          </reporter-output>
        </test-method> <!-- beforemethod -->
        <test-method signature="LRCAMD001()[pri:1, instance:purchase.LabourRateContractAMD@2dd0f797]" started-at="2023-02-09T14:51:02 IST" name="LRCAMD001" finished-at="2023-02-09T14:51:44 IST" duration-ms="41978" status="FAIL">
          <exception class="org.openqa.selenium.ElementClickInterceptedException">
            <message>
              <![CDATA[element click intercepted: Element <input role="combobox" type="text" autocomplete="ac8f2761dbb4" autocorrect="off" autocapitalize="off" aria-expanded="false"> is not clickable at point (991, 373). Other element would receive the click: <div _ngcontent-wbi-c5="" class="ngx-overlay loading-foreground" style="background-color: rgba(40, 40, 40, 0.8); border-radius: 0px;">...</div>
  (Session info: chrome=109.0.5414.120)
Build info: version: '4.6.0', revision: '79f1c02ae20'
System info: os.name: 'Windows 10', os.arch: 'amd64', os.version: '10.0', java.version: '17.0.6'
Driver info: org.openqa.selenium.chrome.ChromeDriver
Command: [87401fd2fe0b4336b086bf149889c827, clickElement {id=b6dd501b-bdf7-4013-9529-4b730c981b3c}]
Capabilities {acceptInsecureCerts: false, browserName: chrome, browserVersion: 109.0.5414.120, chrome: {chromedriverVersion: 109.0.5414.74 (e7c5703604da..., userDataDir: C:\Users\Ankush\AppData\Loc...}, goog:chromeOptions: {debuggerAddress: localhost:53930}, networkConnectionEnabled: false, pageLoadStrategy: normal, platformName: WINDOWS, proxy: Proxy(), se:cdp: ws://localhost:53930/devtoo..., se:cdpVersion: 109.0.5414.120, setWindowRect: true, strictFileInteractability: false, timeouts: {implicit: 0, pageLoad: 300000, script: 30000}, unhandledPromptBehavior: dismiss and notify, webauthn:extension:credBlob: true, webauthn:extension:largeBlob: true, webauthn:virtualAuthenticators: true}
Element: [[ChromeDriver: chrome on WINDOWS (87401fd2fe0b4336b086bf149889c827)] -> xpath: //ng-select[@formcontrolname='OrderNum']//input]
Session ID: 87401fd2fe0b4336b086bf149889c827]]>
            </message>
            <full-stacktrace>
              <![CDATA[org.openqa.selenium.ElementClickInterceptedException: element click intercepted: Element <input role="combobox" type="text" autocomplete="ac8f2761dbb4" autocorrect="off" autocapitalize="off" aria-expanded="false"> is not clickable at point (991, 373). Other element would receive the click: <div _ngcontent-wbi-c5="" class="ngx-overlay loading-foreground" style="background-color: rgba(40, 40, 40, 0.8); border-radius: 0px;">...</div>
  (Session info: chrome=109.0.5414.120)
Build info: version: '4.6.0', revision: '79f1c02ae20'
System info: os.name: 'Windows 10', os.arch: 'amd64', os.version: '10.0', java.version: '17.0.6'
Driver info: org.openqa.selenium.chrome.ChromeDriver
Command: [87401fd2fe0b4336b086bf149889c827, clickElement {id=b6dd501b-bdf7-4013-9529-4b730c981b3c}]
Capabilities {acceptInsecureCerts: false, browserName: chrome, browserVersion: 109.0.5414.120, chrome: {chromedriverVersion: 109.0.5414.74 (e7c5703604da..., userDataDir: C:\Users\Ankush\AppData\Loc...}, goog:chromeOptions: {debuggerAddress: localhost:53930}, networkConnectionEnabled: false, pageLoadStrategy: normal, platformName: WINDOWS, proxy: Proxy(), se:cdp: ws://localhost:53930/devtoo..., se:cdpVersion: 109.0.5414.120, setWindowRect: true, strictFileInteractability: false, timeouts: {implicit: 0, pageLoad: 300000, script: 30000}, unhandledPromptBehavior: dismiss and notify, webauthn:extension:credBlob: true, webauthn:extension:largeBlob: true, webauthn:virtualAuthenticators: true}
Element: [[ChromeDriver: chrome on WINDOWS (87401fd2fe0b4336b086bf149889c827)] -> xpath: //ng-select[@formcontrolname='OrderNum']//input]
Session ID: 87401fd2fe0b4336b086bf149889c827
at java.base/jdk.internal.reflect.NativeConstructorAccessorImpl.newInstance0(Native Method)
at java.base/jdk.internal.reflect.NativeConstructorAccessorImpl.newInstance(NativeConstructorAccessorImpl.java:77)
at java.base/jdk.internal.reflect.DelegatingConstructorAccessorImpl.newInstance(DelegatingConstructorAccessorImpl.java:45)
at java.base/java.lang.reflect.Constructor.newInstanceWithCaller(Constructor.java:499)
at java.base/java.lang.reflect.Constructor.newInstance(Constructor.java:480)
at org.openqa.selenium.remote.codec.w3c.W3CHttpResponseCodec.createException(W3CHttpResponseCodec.java:200)
at org.openqa.selenium.remote.codec.w3c.W3CHttpResponseCodec.decode(W3CHttpResponseCodec.java:133)
at org.openqa.selenium.remote.codec.w3c.W3CHttpResponseCodec.decode(W3CHttpResponseCodec.java:53)
at org.openqa.selenium.remote.HttpCommandExecutor.execute(HttpCommandExecutor.java:184)
at org.openqa.selenium.remote.service.DriverCommandExecutor.invokeExecute(DriverCommandExecutor.java:167)
at org.openqa.selenium.remote.service.DriverCommandExecutor.execute(DriverCommandExecutor.java:142)
at org.openqa.selenium.remote.RemoteWebDriver.execute(RemoteWebDriver.java:541)
at org.openqa.selenium.remote.RemoteWebElement.execute(RemoteWebElement.java:257)
at org.openqa.selenium.remote.RemoteWebElement.click(RemoteWebElement.java:78)
at java.base/jdk.internal.reflect.NativeMethodAccessorImpl.invoke0(Native Method)
at java.base/jdk.internal.reflect.NativeMethodAccessorImpl.invoke(NativeMethodAccessorImpl.java:77)
at java.base/jdk.internal.reflect.DelegatingMethodAccessorImpl.invoke(DelegatingMethodAccessorImpl.java:43)
at java.base/java.lang.reflect.Method.invoke(Method.java:568)
at org.openqa.selenium.support.pagefactory.internal.LocatingElementHandler.invoke(LocatingElementHandler.java:52)
at jdk.proxy2/jdk.proxy2.$Proxy24.click(Unknown Source)
at com.utility.Library.Comboclick(Library.java:239)
at purchase.LabourRateContractAMD.LRCAMD001(LabourRateContractAMD.java:71)
at java.base/jdk.internal.reflect.NativeMethodAccessorImpl.invoke0(Native Method)
at java.base/jdk.internal.reflect.NativeMethodAccessorImpl.invoke(NativeMethodAccessorImpl.java:77)
at java.base/jdk.internal.reflect.DelegatingMethodAccessorImpl.invoke(DelegatingMethodAccessorImpl.java:43)
at java.base/java.lang.reflect.Method.invoke(Method.java:568)
at org.testng.internal.MethodInvocationHelper.invokeMethod(MethodInvocationHelper.java:133)
at org.testng.internal.TestInvoker.invokeMethod(TestInvoker.java:598)
at org.testng.internal.TestInvoker.invokeTestMethod(TestInvoker.java:173)
at org.testng.internal.MethodRunner.runInSequence(MethodRunner.java:46)
at org.testng.internal.TestInvoker$MethodInvocationAgent.invoke(TestInvoker.java:824)
at org.testng.internal.TestInvoker.invokeTestMethods(TestInvoker.java:146)
at org.testng.internal.TestMethodWorker.invokeTestMethods(TestMethodWorker.java:146)
at org.testng.internal.TestMethodWorker.run(TestMethodWorker.java:128)
at java.base/java.util.ArrayList.forEach(ArrayList.java:1511)
at org.testng.TestRunner.privateRun(TestRunner.java:794)
at org.testng.TestRunner.run(TestRunner.java:596)
at org.testng.SuiteRunner.runTest(SuiteRunner.java:377)
at org.testng.SuiteRunner.runSequentially(SuiteRunner.java:371)
at org.testng.SuiteRunner.privateRun(SuiteRunner.java:332)
at org.testng.SuiteRunner.run(SuiteRunner.java:276)
at org.testng.SuiteRunnerWorker.runSuite(SuiteRunnerWorker.java:53)
at org.testng.SuiteRunnerWorker.run(SuiteRunnerWorker.java:96)
at org.testng.TestNG.runSuitesSequentially(TestNG.java:1212)
at org.testng.TestNG.runSuitesLocally(TestNG.java:1134)
at org.testng.TestNG.runSuites(TestNG.java:1063)
at org.testng.TestNG.run(TestNG.java:1031)
at org.testng.remote.AbstractRemoteTestNG.run(AbstractRemoteTestNG.java:115)
at org.testng.remote.RemoteTestNG.initAndRun(RemoteTestNG.java:251)
at org.testng.remote.RemoteTestNG.main(RemoteTestNG.java:77)
]]>
            </full-stacktrace>
          </exception> <!-- org.openqa.selenium.ElementClickInterceptedException -->
          <reporter-output>
            <line>
              <![CDATA[<b><FONT COLOR=\"1f7a1f\">Test Case ID==LRCAMD001</FONT></b>]]>
            </line>
            <line>
              <![CDATA[<b><FONT COLOR=\"1f7a1f\">Test Case Description==LRC PO  Amendment Entry for two item changing Quantity PUOM and Delivery Date </FONT></b>]]>
            </line>
            <line>
              <![CDATA[Click Sucessfully == Purchase Module]]>
            </line>
            <line>
              <![CDATA[Click Sucessfully == Labour Rate Contract Amendment Entry]]>
            </line>
            <line>
              <![CDATA[Click Sucessfully == Labour Rate Contract Amendent  Entry add new button]]>
            </line>
            <line>
              <![CDATA[Click sucessfully==LRC AMD YEAR]]>
            </line>
            <line>
              <![CDATA[Option Sucessfully Selected==<b>LRC AMD YEAR==22-23</b>]]>
            </line>
            <line>
              <![CDATA[Click sucessfully==LRC AMD Group]]>
            </line>
            <line>
              <![CDATA[Option Sucessfully Selected==<b>LRC AMD Group==LB - LABOUR PURCHASE ORDER - NPD</b>]]>
            </line>
            <line>
              <![CDATA[Click sucessfully==LRC AMD SITE]]>
            </line>
            <line>
              <![CDATA[Option Sucessfully Selected==<b>LRC AMD SITE==S1 - QC Site PARLE ELI-PRD</b>]]>
            </line>
            <line>
              <![CDATA[Screenshot taken Succesfully==D:\ANKUSH\NEW_HORIZON\ScreenShots\Failure.png]]>
            </line>
          </reporter-output>
        </test-method> <!-- LRCAMD001 -->
        <test-method is-config="true" signature="Aftermethod()[pri:0, instance:purchase.LabourRateContractAMD@2dd0f797]" started-at="2023-02-09T14:51:44 IST" name="Aftermethod" finished-at="2023-02-09T14:51:52 IST" duration-ms="8011" status="PASS">
          <reporter-output>
          </reporter-output>
        </test-method> <!-- Aftermethod -->
        <test-method signature="LRCAMD002()[pri:2, instance:purchase.LabourRateContractAMD@2dd0f797]" started-at="2023-02-09T14:51:52 IST" name="LRCAMD002" finished-at="2023-02-09T14:54:27 IST" duration-ms="155080" status="FAIL">
          <exception class="org.openqa.selenium.TimeoutException">
            <message>
              <![CDATA[Expected condition failed: waiting for visibility of [[ChromeDriver: chrome on WINDOWS (87401fd2fe0b4336b086bf149889c827)] -> xpath: (//div[contains(@class,'jqx-calendar-title-content jqx-calendar-title-content-imms')])[3]] (tried for 30 second(s) with 500 milliseconds interval)
Build info: version: '4.6.0', revision: '79f1c02ae20'
System info: os.name: 'Windows 10', os.arch: 'amd64', os.version: '10.0', java.version: '17.0.6'
Driver info: org.openqa.selenium.chrome.ChromeDriver
Capabilities {acceptInsecureCerts: false, browserName: chrome, browserVersion: 109.0.5414.120, chrome: {chromedriverVersion: 109.0.5414.74 (e7c5703604da..., userDataDir: C:\Users\Ankush\AppData\Loc...}, goog:chromeOptions: {debuggerAddress: localhost:53930}, networkConnectionEnabled: false, pageLoadStrategy: normal, platformName: WINDOWS, proxy: Proxy(), se:cdp: ws://localhost:53930/devtoo..., se:cdpVersion: 109.0.5414.120, setWindowRect: true, strictFileInteractability: false, timeouts: {implicit: 0, pageLoad: 300000, script: 30000}, unhandledPromptBehavior: dismiss and notify, webauthn:extension:credBlob: true, webauthn:extension:largeBlob: true, webauthn:virtualAuthenticators: true}
Session ID: 87401fd2fe0b4336b086bf149889c827]]>
            </message>
            <full-stacktrace>
              <![CDATA[org.openqa.selenium.TimeoutException: Expected condition failed: waiting for visibility of [[ChromeDriver: chrome on WINDOWS (87401fd2fe0b4336b086bf149889c827)] -> xpath: (//div[contains(@class,'jqx-calendar-title-content jqx-calendar-title-content-imms')])[3]] (tried for 30 second(s) with 500 milliseconds interval)
Build info: version: '4.6.0', revision: '79f1c02ae20'
System info: os.name: 'Windows 10', os.arch: 'amd64', os.version: '10.0', java.version: '17.0.6'
Driver info: org.openqa.selenium.chrome.ChromeDriver
Capabilities {acceptInsecureCerts: false, browserName: chrome, browserVersion: 109.0.5414.120, chrome: {chromedriverVersion: 109.0.5414.74 (e7c5703604da..., userDataDir: C:\Users\Ankush\AppData\Loc...}, goog:chromeOptions: {debuggerAddress: localhost:53930}, networkConnectionEnabled: false, pageLoadStrategy: normal, platformName: WINDOWS, proxy: Proxy(), se:cdp: ws://localhost:53930/devtoo..., se:cdpVersion: 109.0.5414.120, setWindowRect: true, strictFileInteractability: false, timeouts: {implicit: 0, pageLoad: 300000, script: 30000}, unhandledPromptBehavior: dismiss and notify, webauthn:extension:credBlob: true, webauthn:extension:largeBlob: true, webauthn:virtualAuthenticators: true}
Session ID: 87401fd2fe0b4336b086bf149889c827
at org.openqa.selenium.support.ui.WebDriverWait.timeoutException(WebDriverWait.java:87)
at org.openqa.selenium.support.ui.FluentWait.until(FluentWait.java:231)
at com.utility.Library.Explicitlywait(Library.java:362)
at purchase.LabourRateContractAMD.DATEPICKER(LabourRateContractAMD.java:546)
at purchase.LabourRateContractAMD.LRCAMD002(LabourRateContractAMD.java:323)
at java.base/jdk.internal.reflect.NativeMethodAccessorImpl.invoke0(Native Method)
at java.base/jdk.internal.reflect.NativeMethodAccessorImpl.invoke(NativeMethodAccessorImpl.java:77)
at java.base/jdk.internal.reflect.DelegatingMethodAccessorImpl.invoke(DelegatingMethodAccessorImpl.java:43)
at java.base/java.lang.reflect.Method.invoke(Method.java:568)
at org.testng.internal.MethodInvocationHelper.invokeMethod(MethodInvocationHelper.java:133)
at org.testng.internal.TestInvoker.invokeMethod(TestInvoker.java:598)
at org.testng.internal.TestInvoker.invokeTestMethod(TestInvoker.java:173)
at org.testng.internal.MethodRunner.runInSequence(MethodRunner.java:46)
at org.testng.internal.TestInvoker$MethodInvocationAgent.invoke(TestInvoker.java:824)
at org.testng.internal.TestInvoker.invokeTestMethods(TestInvoker.java:146)
at org.testng.internal.TestMethodWorker.invokeTestMethods(TestMethodWorker.java:146)
at org.testng.internal.TestMethodWorker.run(TestMethodWorker.java:128)
at java.base/java.util.ArrayList.forEach(ArrayList.java:1511)
at org.testng.TestRunner.privateRun(TestRunner.java:794)
at org.testng.TestRunner.run(TestRunner.java:596)
at org.testng.SuiteRunner.runTest(SuiteRunner.java:377)
at org.testng.SuiteRunner.runSequentially(SuiteRunner.java:371)
at org.testng.SuiteRunner.privateRun(SuiteRunner.java:332)
at org.testng.SuiteRunner.run(SuiteRunner.java:276)
at org.testng.SuiteRunnerWorker.runSuite(SuiteRunnerWorker.java:53)
at org.testng.SuiteRunnerWorker.run(SuiteRunnerWorker.java:96)
at org.testng.TestNG.runSuitesSequentially(TestNG.java:1212)
at org.testng.TestNG.runSuitesLocally(TestNG.java:1134)
at org.testng.TestNG.runSuites(TestNG.java:1063)
at org.testng.TestNG.run(TestNG.java:1031)
at org.testng.remote.AbstractRemoteTestNG.run(AbstractRemoteTestNG.java:115)
at org.testng.remote.RemoteTestNG.initAndRun(RemoteTestNG.java:251)
at org.testng.remote.RemoteTestNG.main(RemoteTestNG.java:77)
]]>
            </full-stacktrace>
          </exception> <!-- org.openqa.selenium.TimeoutException -->
          <reporter-output>
            <line>
              <![CDATA[<b><FONT COLOR=\"1f7a1f\">Test Case ID==LRCAMD001</FONT></b>]]>
            </line>
            <line>
              <![CDATA[<b><FONT COLOR=\"1f7a1f\">Test Case Description==LRC PO  Amendment Entry for two item changing Quantity PUOM and Delivery Date </FONT></b>]]>
            </line>
            <line>
              <![CDATA[Click Sucessfully == Purchase Module]]>
            </line>
            <line>
              <![CDATA[Click Sucessfully == Labour Rate Contract Amendment Entry]]>
            </line>
            <line>
              <![CDATA[Click Sucessfully == Labour Rate Contract Amendent  Entry add new button]]>
            </line>
            <line>
              <![CDATA[Click sucessfully==LRC AMD YEAR]]>
            </line>
            <line>
              <![CDATA[Option Sucessfully Selected==<b>LRC AMD YEAR==22-23</b>]]>
            </line>
            <line>
              <![CDATA[Click sucessfully==LRC AMD Group]]>
            </line>
            <line>
              <![CDATA[Option Sucessfully Selected==<b>LRC AMD Group==LB - LABOUR PURCHASE ORDER - NPD</b>]]>
            </line>
            <line>
              <![CDATA[Click sucessfully==LRC AMD SITE]]>
            </line>
            <line>
              <![CDATA[Option Sucessfully Selected==<b>LRC AMD SITE==S1 - QC Site PARLE ELI-PRD</b>]]>
            </line>
            <line>
              <![CDATA[Click sucessfully==LRC Number]]>
            </line>
            <line>
              <![CDATA[<b><FONT COLOR="#ff0000"> INVALID  Option/No such Option Present ==</FONT></b><b><FONT COLOR="#0000ff">LRC Number==000337</FONT></b>]]>
            </line>
            <line>
              <![CDATA[no such element: Unable to locate element: {"method":"xpath","selector":"//span[contains(text(),'000337')]"}
  (Session info: chrome=109.0.5414.120)
For documentation on this error, please visit: https://selenium.dev/exceptions/#no_such_element
Build info: version: '4.6.0', revision: '79f1c02ae20'
System info: os.name: 'Windows 10', os.arch: 'amd64', os.version: '10.0', java.version: '17.0.6'
Driver info: org.openqa.selenium.chrome.ChromeDriver
Command: [87401fd2fe0b4336b086bf149889c827, findElement {using=xpath, value=//span[contains(text(),'000337')]}]
Capabilities {acceptInsecureCerts: false, browserName: chrome, browserVersion: 109.0.5414.120, chrome: {chromedriverVersion: 109.0.5414.74 (e7c5703604da..., userDataDir: C:\Users\Ankush\AppData\Loc...}, goog:chromeOptions: {debuggerAddress: localhost:53930}, networkConnectionEnabled: false, pageLoadStrategy: normal, platformName: WINDOWS, proxy: Proxy(), se:cdp: ws://localhost:53930/devtoo..., se:cdpVersion: 109.0.5414.120, setWindowRect: true, strictFileInteractability: false, timeouts: {implicit: 0, pageLoad: 300000, script: 30000}, unhandledPromptBehavior: dismiss and notify, webauthn:extension:credBlob: true, webauthn:extension:largeBlob: true, webauthn:virtualAuthenticators: true}
Session ID: 87401fd2fe0b4336b086bf149889c827]]>
            </line>
            <line>
              <![CDATA[Click Sucessfully==]]>
            </line>
            <line>
              <![CDATA[Screenshot taken Succesfully==D:\ANKUSH\NEW_HORIZON\ScreenShots\Failure.png]]>
            </line>
          </reporter-output>
        </test-method> <!-- LRCAMD002 -->
        <test-method is-config="true" signature="beforemethod()[pri:0, instance:purchase.LabourRateContractAMD@2dd0f797]" started-at="2023-02-09T14:51:52 IST" name="beforemethod" finished-at="2023-02-09T14:51:52 IST" duration-ms="0" status="PASS">
          <reporter-output>
          </reporter-output>
        </test-method> <!-- beforemethod -->
        <test-method is-config="true" signature="Aftermethod()[pri:0, instance:purchase.LabourRateContractAMD@2dd0f797]" started-at="2023-02-09T14:54:27 IST" name="Aftermethod" finished-at="2023-02-09T14:54:35 IST" duration-ms="8016" status="PASS">
          <reporter-output>
          </reporter-output>
        </test-method> <!-- Aftermethod -->
        <test-method is-config="true" signature="AM()[pri:0, instance:purchase.LabourRateContractAMD@2dd0f797]" started-at="2023-02-09T14:54:35 IST" name="AM" finished-at="2023-02-09T14:54:38 IST" duration-ms="3002" status="PASS">
          <reporter-output>
          </reporter-output>
        </test-method> <!-- AM -->
      </class> <!-- purchase.LabourRateContractAMD -->
    </test> <!-- Test -->
  </suite> <!-- Suite -->
</testng-results>
